2025-05-14 21:23:21 - Starting Azure resource cleanup...
2025-05-14 21:23:21 - Step 1: Removing resource locks...
2025-05-14 21:23:21 - No locks found.
2025-05-14 21:23:21 - Step 2: Cleaning up Recovery Services vaults...
2025-05-14 21:23:21 - Checking for Recovery Services vaults in resource group: vpswest_resource_group
2025-05-14 21:23:22 - Checking for Recovery Services vaults in resource group: monitoring-resource-group-west-us
2025-05-14 21:23:23 - Checking for Recovery Services vaults in resource group: newvps_resource_group
2025-05-14 21:23:24 - Checking for Recovery Services vaults in resource group: xuigermany-rg
2025-05-14 21:23:26 - Checking for Recovery Services vaults in resource group: vpngermany_resource_group
2025-05-14 21:23:27 - Checking for Recovery Services vaults in resource group: vpn_service-rg
2025-05-14 21:23:28 - Checking for Recovery Services vaults in resource group: vpsgermany-rg
2025-05-14 21:23:29 - Checking for Recovery Services vaults in resource group: foodshare-resource-group
2025-05-14 21:23:33 - Checking for Recovery Services vaults in resource group: azure-test-rg
2025-05-14 21:23:35 - Checking for Recovery Services vaults in resource group: THE_LATEST_RESOURCE_GROUP
2025-05-14 21:23:37 - Step 3: Stopping all VMs...
2025-05-14 21:23:50 - Waiting for VM deallocations to complete...
2025-05-14 21:24:50 - Step 4: Deleting resource groups...
2025-05-14 21:24:50 - Resource group not found: vpswest_resource_group
2025-05-14 21:24:51 - Resource group not found: monitoring-resource-group-west-us
2025-05-14 21:24:51 - Resource group not found: newvps_resource_group
2025-05-14 21:24:52 - Deleting resource group: xuigermany-rg
2025-05-14 21:24:57 - Deleting resource group: vpngermany_resource_group
2025-05-14 21:25:01 - Deleting resource group: vpn_service-rg
2025-05-14 21:25:08 - Deleting resource group: vpsgermany-rg
2025-05-14 21:25:11 - Deleting resource group: foodshare-resource-group
2025-05-14 21:25:17 - Deleting resource group: azure-test-rg
2025-05-14 21:25:23 - Deleting resource group: THE_LATEST_RESOURCE_GROUP
2025-05-14 21:25:26 - Step 5: Waiting for resource group deletions to complete...
2025-05-14 21:25:27 - All resource group deletions completed!
2025-05-14 21:25:27 - Step 6: Verifying remaining resource groups...
2025-05-14 21:25:27 - Remaining resource groups:
Name                            Status
------------------------------  ---------
cloud-shell-storage-westeurope  Succeeded
xuigermany-rg                   Deleting
NetworkWatcherRG                Succeeded
web-resource-group              Succeeded
AzureBackupRG_polandcentral_1   Succeeded
foodshare-resource-group        Deleting
azure-test-rg                   Deleting
2025-05-14 21:25:27 - Step 7: Final verification of resource cleanup...
2025-05-14 21:25:28 - Remaining resources (excluding NetworkWatcher and cloud-shell-storage):
Name                                                       Location            CreatedTime                       ChangedTime                       ProvisioningState    ResourceGroup
---------------------------------------------------------  ------------------  --------------------------------  --------------------------------  -------------------  -----------------------------
xuigermany-osdisk                                          germanywestcentral  2025-05-15T03:47:55.363043+00:00  2025-05-15T03:58:05.061384+00:00  Succeeded            XUIGERMANY-RG
AzureBackup_web-virtual-machine_7971723185939630122        polandcentral       2023-07-16T18:30:50.825701+00:00  2023-07-16T18:40:51.413473+00:00  Succeeded            AzureBackupRG_polandcentral_1
AzureBackup_foodshare-virtual-machine_7971723185351554625  polandcentral       2023-07-16T18:35:03.162409+00:00  2023-07-16T18:45:03.432841+00:00  Succeeded            AzureBackupRG_polandcentral_1
vault473                                                   polandcentral       2023-07-16T18:28:35.005992+00:00  2025-05-15T04:18:37.232999+00:00  Succeeded            WEB-RESOURCE-GROUP
foodshare-network                                          polandcentral       2025-05-15T03:47:51.709708+00:00  2025-05-15T03:58:02.198256+00:00  Succeeded            foodshare-resource-group
azure-test-vnet                                            polandcentral       2025-05-15T04:16:32.724223+00:00  2025-05-15T04:16:39.639824+00:00  Succeeded            azure-test-rg
azure-test-public-ip                                       polandcentral       2025-05-15T04:16:34.421773+00:00  2025-05-15T04:16:41.728913+00:00  Succeeded            azure-test-rg
2025-05-14 21:25:28 - Cleanup process completed. Check the log file for details: azure_cleanup_20250514_212321.log
