2025-05-14 21:19:21 - Starting Azure resource cleanup...
2025-05-14 21:19:21 - Step 1: Removing resource locks...
2025-05-14 21:19:22 - No locks found.
2025-05-14 21:19:22 - Step 2: Cleaning up Recovery Services vaults...
2025-05-14 21:19:22 - Checking for Recovery Services vaults in resource group: vpswest_resource_group
2025-05-14 21:19:24 - Checking for Recovery Services vaults in resource group: monitoring-resource-group-west-us
2025-05-14 21:19:28 - Checking for Recovery Services vaults in resource group: newvps_resource_group
2025-05-14 21:19:38 - Checking for Recovery Services vaults in resource group: xuigermany-rg
2025-05-14 21:19:40 - Checking for Recovery Services vaults in resource group: vpngermany_resource_group
2025-05-14 21:19:42 - Checking for Recovery Services vaults in resource group: vpn_service-rg
2025-05-14 21:19:44 - Checking for Recovery Services vaults in resource group: vpsgermany-rg
2025-05-14 21:19:46 - Checking for Recovery Services vaults in resource group: web-resource-group
2025-05-14 21:19:47 - Found Recovery Services vault: vault473 in resource group: web-resource-group
2025-05-14 21:19:47 - Disabling soft delete for vault: vault473
2025-05-14 21:19:52 - Processing container: IaasVMContainer;iaasvmcontainerv2;FOODSHARE-RESOURCE-GROUP;foodshare-virtual-machine
2025-05-14 21:19:54 - Disabling protection for item: VM;iaasvmcontainerv2;FOODSHARE-RESOURCE-GROUP;foodshare-virtual-machine
2025-05-14 21:19:57 - Failed to disable protection for item: VM;iaasvmcontainerv2;FOODSHARE-RESOURCE-GROUP;foodshare-virtual-machine
2025-05-14 21:20:27 - Disabling protection for item: VM;iaasvmcontainerv2;web-resource-group;web-virtual-machine
2025-05-14 21:20:29 - Failed to disable protection for item: VM;iaasvmcontainerv2;web-resource-group;web-virtual-machine
2025-05-14 21:20:59 - Processing container: IaasVMContainer;iaasvmcontainerv2;web-resource-group;web-virtual-machine
2025-05-14 21:21:00 - Disabling protection for item: VM;iaasvmcontainerv2;FOODSHARE-RESOURCE-GROUP;foodshare-virtual-machine
2025-05-14 21:21:04 - Failed to disable protection for item: VM;iaasvmcontainerv2;FOODSHARE-RESOURCE-GROUP;foodshare-virtual-machine
2025-05-14 21:21:34 - Disabling protection for item: VM;iaasvmcontainerv2;web-resource-group;web-virtual-machine
2025-05-14 21:21:42 - Failed to disable protection for item: VM;iaasvmcontainerv2;web-resource-group;web-virtual-machine
2025-05-14 21:22:12 - Attempting to delete vault: vault473
2025-05-14 21:23:17 - Failed to delete vault: vault473
2025-05-14 21:23:17 - Checking for Recovery Services vaults in resource group: foodshare-resource-group
2025-05-14 21:23:18 - Checking for Recovery Services vaults in resource group: azure-test-rg
2025-05-14 21:23:19 - Checking for Recovery Services vaults in resource group: THE_LATEST_RESOURCE_GROUP
2025-05-14 21:23:21 - Step 3: Stopping all VMs...
2025-05-14 21:23:37 - Waiting for VM deallocations to complete...
2025-05-14 21:24:37 - Step 4: Deleting resource groups...
2025-05-14 21:24:38 - Deleting resource group: vpswest_resource_group
2025-05-14 21:24:40 - Deleting resource group: monitoring-resource-group-west-us
2025-05-14 21:24:43 - Deleting resource group: newvps_resource_group
2025-05-14 21:24:47 - Deleting resource group: xuigermany-rg
2025-05-14 21:24:54 - Deleting resource group: vpngermany_resource_group
2025-05-14 21:25:00 - Deleting resource group: vpn_service-rg
2025-05-14 21:25:06 - Deleting resource group: vpsgermany-rg
2025-05-14 21:25:12 - Deleting resource group: foodshare-resource-group
2025-05-14 21:25:18 - Deleting resource group: azure-test-rg
2025-05-14 21:25:24 - Deleting resource group: THE_LATEST_RESOURCE_GROUP
2025-05-14 21:25:26 - Step 5: Waiting for resource group deletions to complete...
2025-05-14 21:25:26 - All resource group deletions completed!
2025-05-14 21:25:26 - Step 6: Verifying remaining resource groups...
2025-05-14 21:25:27 - Remaining resource groups:
Name                            Status
------------------------------  ---------
cloud-shell-storage-westeurope  Succeeded
xuigermany-rg                   Deleting
NetworkWatcherRG                Succeeded
web-resource-group              Succeeded
AzureBackupRG_polandcentral_1   Succeeded
foodshare-resource-group        Deleting
azure-test-rg                   Deleting
2025-05-14 21:25:27 - Step 7: Final verification of resource cleanup...
2025-05-14 21:25:28 - Remaining resources (excluding NetworkWatcher and cloud-shell-storage):
Name                                                       Location            CreatedTime                       ChangedTime                       ProvisioningState    ResourceGroup
---------------------------------------------------------  ------------------  --------------------------------  --------------------------------  -------------------  -----------------------------
xuigermany-osdisk                                          germanywestcentral  2025-05-15T03:47:55.363043+00:00  2025-05-15T03:58:05.061384+00:00  Succeeded            XUIGERMANY-RG
AzureBackup_web-virtual-machine_7971723185939630122        polandcentral       2023-07-16T18:30:50.825701+00:00  2023-07-16T18:40:51.413473+00:00  Succeeded            AzureBackupRG_polandcentral_1
AzureBackup_foodshare-virtual-machine_7971723185351554625  polandcentral       2023-07-16T18:35:03.162409+00:00  2023-07-16T18:45:03.432841+00:00  Succeeded            AzureBackupRG_polandcentral_1
vault473                                                   polandcentral       2023-07-16T18:28:35.005992+00:00  2025-05-15T04:18:37.232999+00:00  Succeeded            WEB-RESOURCE-GROUP
foodshare-network                                          polandcentral       2025-05-15T03:47:51.709708+00:00  2025-05-15T03:58:02.198256+00:00  Succeeded            foodshare-resource-group
azure-test-vnet                                            polandcentral       2025-05-15T04:16:32.724223+00:00  2025-05-15T04:16:39.639824+00:00  Succeeded            azure-test-rg
azure-test-public-ip                                       polandcentral       2025-05-15T04:16:34.421773+00:00  2025-05-15T04:16:41.728913+00:00  Succeeded            azure-test-rg
2025-05-14 21:25:28 - Cleanup process completed. Check the log file for details: azure_cleanup_20250514_211921.log
