2025-05-14 20:15:18 - Step 1: Removing resource locks...
2025-05-14 20:15:19 - No locks found.
2025-05-14 20:15:19 - Step 2: Cleaning up Recovery Services vaults...
2025-05-14 20:15:19 - Checking for Recovery Services vaults in resource group: foodshare-resource-group
2025-05-14 20:15:20 - Checking for Recovery Services vaults in resource group: FOODSHARE-RESOURCE-GROUP
2025-05-14 20:15:21 - Checking for Recovery Services vaults in resource group: web-resource-group
2025-05-14 20:15:21 - Found Recovery Services vault: vault473 in resource group: web-resource-group
2025-05-14 20:15:21 - Disabling soft delete for vault: vault473
2025-05-14 20:15:26 - Processing container: IaasVMContainer;iaasvmcontainerv2;FOODSHARE-RESOURCE-GROUP;foodshare-virtual-machine
2025-05-14 20:15:28 - Disabling protection for item: VM;iaasvmcontainerv2;FOODSHARE-RESOURCE-GROUP;foodshare-virtual-machine
2025-05-14 20:15:31 - Failed to disable protection for item: VM;iaasvmcontainerv2;FOODSHARE-RESOURCE-GROUP;foodshare-virtual-machine
2025-05-14 20:16:01 - Disabling protection for item: VM;iaasvmcontainerv2;web-resource-group;web-virtual-machine
2025-05-14 20:16:03 - Failed to disable protection for item: VM;iaasvmcontainerv2;web-resource-group;web-virtual-machine
2025-05-14 20:16:33 - Processing container: IaasVMContainer;iaasvmcontainerv2;web-resource-group;web-virtual-machine
2025-05-14 20:16:34 - Disabling protection for item: VM;iaasvmcontainerv2;FOODSHARE-RESOURCE-GROUP;foodshare-virtual-machine
2025-05-14 20:16:36 - Failed to disable protection for item: VM;iaasvmcontainerv2;FOODSHARE-RESOURCE-GROUP;foodshare-virtual-machine
2025-05-14 20:17:06 - Disabling protection for item: VM;iaasvmcontainerv2;web-resource-group;web-virtual-machine
2025-05-14 20:17:10 - Failed to disable protection for item: VM;iaasvmcontainerv2;web-resource-group;web-virtual-machine
2025-05-14 20:17:40 - Attempting to delete vault: vault473
2025-05-14 20:17:44 - Failed to delete vault: vault473
2025-05-14 20:17:44 - Checking for Recovery Services vaults in resource group: WEB-RESOURCE-GROUP
2025-05-14 20:17:45 - Found Recovery Services vault: vault473 in resource group: WEB-RESOURCE-GROUP
2025-05-14 20:17:45 - Disabling soft delete for vault: vault473
2025-05-14 20:17:50 - Processing container: IaasVMContainer;iaasvmcontainerv2;FOODSHARE-RESOURCE-GROUP;foodshare-virtual-machine
2025-05-14 20:17:51 - Disabling protection for item: VM;iaasvmcontainerv2;FOODSHARE-RESOURCE-GROUP;foodshare-virtual-machine
2025-05-14 20:17:55 - Failed to disable protection for item: VM;iaasvmcontainerv2;FOODSHARE-RESOURCE-GROUP;foodshare-virtual-machine
2025-05-14 20:18:25 - Disabling protection for item: VM;iaasvmcontainerv2;web-resource-group;web-virtual-machine
2025-05-14 20:18:27 - Failed to disable protection for item: VM;iaasvmcontainerv2;web-resource-group;web-virtual-machine
2025-05-14 20:18:57 - Processing container: IaasVMContainer;iaasvmcontainerv2;web-resource-group;web-virtual-machine
2025-05-14 20:18:58 - Disabling protection for item: VM;iaasvmcontainerv2;FOODSHARE-RESOURCE-GROUP;foodshare-virtual-machine
2025-05-14 20:19:00 - Failed to disable protection for item: VM;iaasvmcontainerv2;FOODSHARE-RESOURCE-GROUP;foodshare-virtual-machine
2025-05-14 20:19:30 - Disabling protection for item: VM;iaasvmcontainerv2;web-resource-group;web-virtual-machine
2025-05-14 20:19:33 - Failed to disable protection for item: VM;iaasvmcontainerv2;web-resource-group;web-virtual-machine
2025-05-14 20:20:03 - Attempting to delete vault: vault473
2025-05-14 20:20:08 - Failed to delete vault: vault473
2025-05-14 20:20:08 - Checking for Recovery Services vaults in resource group: monitoring-resource-group-west-us
2025-05-14 20:20:08 - Checking for Recovery Services vaults in resource group: monitoring_resource_group
2025-05-14 20:20:09 - Checking for Recovery Services vaults in resource group: monitoring_resource_group-westus
2025-05-14 20:20:09 - Checking for Recovery Services vaults in resource group: ResourceMoverRG-uksouth-westus-eus2
2025-05-14 20:20:10 - Checking for Recovery Services vaults in resource group: azureapp-auto-alerts-432dd4-tamerlanium_gmail_com
2025-05-14 20:20:11 - Checking for Recovery Services vaults in resource group: azureapp-auto-alerts-a866fe-tamerlanium_gmail_com
2025-05-14 20:20:11 - Checking for Recovery Services vaults in resource group: DefaultResourceGroup-EUS
2025-05-14 20:20:12 - Checking for Recovery Services vaults in resource group: vpsgermany-rg
2025-05-14 20:20:12 - Checking for Recovery Services vaults in resource group: azure-rg
2025-05-14 20:20:13 - Checking for Recovery Services vaults in resource group: vpswest-resource-group
2025-05-14 20:20:13 - Checking for Recovery Services vaults in resource group: newvps-resource-group
2025-05-14 20:20:14 - Checking for Recovery Services vaults in resource group: vpngermany-resource-group
2025-05-14 20:20:14 - Checking for Recovery Services vaults in resource group: THE_LATEST_RESOURCE_GROUP
2025-05-14 20:20:15 - Checking for Recovery Services vaults in resource group: xuigermany-rg
2025-05-14 20:20:15 - Checking for Recovery Services vaults in resource group: vpn_service-rg
2025-05-14 20:20:16 - Step 3: Stopping all VMs...
2025-05-14 20:20:29 - Waiting for VM deallocations to complete...
2025-05-14 20:21:29 - Step 4: Deleting resource groups...
2025-05-14 20:21:30 - Resource group not found: foodshare-resource-group
2025-05-14 20:21:30 - Resource group not found: FOODSHARE-RESOURCE-GROUP
2025-05-14 20:21:31 - Deleting resource group: web-resource-group
2025-05-14 20:21:33 - Deleting resource group: WEB-RESOURCE-GROUP
2025-05-14 20:21:35 - Resource group not found: monitoring-resource-group-west-us
2025-05-14 20:21:35 - Resource group not found: monitoring_resource_group
2025-05-14 20:21:36 - Resource group not found: monitoring_resource_group-westus
2025-05-14 20:21:36 - Resource group not found: ResourceMoverRG-uksouth-westus-eus2
2025-05-14 20:21:37 - Resource group not found: azureapp-auto-alerts-432dd4-tamerlanium_gmail_com
2025-05-14 20:21:37 - Resource group not found: azureapp-auto-alerts-a866fe-tamerlanium_gmail_com
2025-05-14 20:21:38 - Resource group not found: DefaultResourceGroup-EUS
2025-05-14 20:21:38 - Resource group not found: vpsgermany-rg
2025-05-14 20:21:39 - Resource group not found: azure-rg
2025-05-14 20:21:39 - Resource group not found: vpswest-resource-group
2025-05-14 20:21:40 - Resource group not found: newvps-resource-group
2025-05-14 20:21:40 - Resource group not found: vpngermany-resource-group
2025-05-14 20:21:41 - Resource group not found: THE_LATEST_RESOURCE_GROUP
2025-05-14 20:21:41 - Resource group not found: xuigermany-rg
2025-05-14 20:21:42 - Resource group not found: vpn_service-rg
2025-05-14 20:21:42 - Step 5: Waiting for resource group deletions to complete...
2025-05-14 20:21:42 - All resource group deletions completed!
2025-05-14 20:21:42 - Step 6: Verifying remaining resource groups...
2025-05-14 20:21:43 - Remaining resource groups:
Name                            Status
------------------------------  ---------
cloud-shell-storage-westeurope  Succeeded
NetworkWatcherRG                Succeeded
web-resource-group              Deleting
AzureBackupRG_polandcentral_1   Succeeded
2025-05-14 20:21:43 - Step 7: Final verification of resource cleanup...
2025-05-14 20:21:44 - Remaining resources (excluding NetworkWatcher and cloud-shell-storage):
Name                                                       Location       CreatedTime                       ChangedTime                       ProvisioningState    ResourceGroup
---------------------------------------------------------  -------------  --------------------------------  --------------------------------  -------------------  -----------------------------
AzureBackup_web-virtual-machine_7971723185939630122        polandcentral  2023-07-16T18:30:50.825701+00:00  2023-07-16T18:40:51.413473+00:00  Succeeded            AzureBackupRG_polandcentral_1
AzureBackup_foodshare-virtual-machine_7971723185351554625  polandcentral  2023-07-16T18:35:03.162409+00:00  2023-07-16T18:45:03.432841+00:00  Succeeded            AzureBackupRG_polandcentral_1
vault473                                                   polandcentral  2023-07-16T18:28:35.005992+00:00  2023-07-16T18:38:35.520058+00:00  Succeeded            web-resource-group
2025-05-14 20:21:44 - Cleanup process completed. Check the log file for details: azure_cleanup_20250514_201518.log
